Determining size of bool failed with the following output:
Change Dir: /home/hyeongjun/workspace/raspberrypi/build_arm/CMakeFiles/CMakeTmp

Run Build Command:"/usr/bin/make" "cmTryCompileExec1765285459/fast"
/usr/bin/make -f CMakeFiles/cmTryCompileExec1765285459.dir/build.make CMakeFiles/cmTryCompileExec1765285459.dir/build
make[1]: Entering directory `/home/hyeongjun/workspace/raspberrypi/build_arm/CMakeFiles/CMakeTmp'
/usr/bin/cmake -E cmake_progress_report /home/hyeongjun/workspace/raspberrypi/build_arm/CMakeFiles/CMakeTmp/CMakeFiles 1
Building C object CMakeFiles/cmTryCompileExec1765285459.dir/DR_DO_NOT_DEFINE_bool.c.o
/usr/bin/arm-linux-gnueabihf-gcc    -o CMakeFiles/cmTryCompileExec1765285459.dir/DR_DO_NOT_DEFINE_bool.c.o   -c /home/hyeongjun/workspace/raspberrypi/build_arm/CMakeFiles/CheckTypeSize/DR_DO_NOT_DEFINE_bool.c
/home/hyeongjun/workspace/raspberrypi/build_arm/CMakeFiles/CheckTypeSize/DR_DO_NOT_DEFINE_bool.c:17:22: error: ‘bool’ undeclared here (not in a function)
 #define SIZE (sizeof(bool))
                      ^
/home/hyeongjun/workspace/raspberrypi/build_arm/CMakeFiles/CheckTypeSize/DR_DO_NOT_DEFINE_bool.c:19:12: note: in expansion of macro ‘SIZE’
   ('0' + ((SIZE / 10000)%10)),
            ^
make[1]: *** [CMakeFiles/cmTryCompileExec1765285459.dir/DR_DO_NOT_DEFINE_bool.c.o] Error 1
make[1]: Leaving directory `/home/hyeongjun/workspace/raspberrypi/build_arm/CMakeFiles/CMakeTmp'
make: *** [cmTryCompileExec1765285459/fast] Error 2

/home/hyeongjun/workspace/raspberrypi/build_arm/CMakeFiles/CheckTypeSize/DR_DO_NOT_DEFINE_bool.c:
#include <sys/types.h>
#include <stdint.h>
#include <stddef.h>


#undef KEY
#if defined(__i386)
# define KEY '_','_','i','3','8','6'
#elif defined(__x86_64)
# define KEY '_','_','x','8','6','_','6','4'
#elif defined(__ppc__)
# define KEY '_','_','p','p','c','_','_'
#elif defined(__ppc64__)
# define KEY '_','_','p','p','c','6','4','_','_'
#endif

#define SIZE (sizeof(bool))
char info_size[] =  {'I', 'N', 'F', 'O', ':', 's','i','z','e','[',
  ('0' + ((SIZE / 10000)%10)),
  ('0' + ((SIZE / 1000)%10)),
  ('0' + ((SIZE / 100)%10)),
  ('0' + ((SIZE / 10)%10)),
  ('0' +  (SIZE    % 10)),
  ']',
#ifdef KEY
  ' ','k','e','y','[', KEY, ']',
#endif
  '\0'};

#ifdef __CLASSIC_C__
int main(argc, argv) int argc; char *argv[];
#else
int main(int argc, char *argv[])
#endif
{
  int require = 0;
  require += info_size[argc];
  (void)argv;
  return require;
}


Determining size of byte failed with the following output:
Change Dir: /home/hyeongjun/workspace/raspberrypi/build_arm/CMakeFiles/CMakeTmp

Run Build Command:"/usr/bin/make" "cmTryCompileExec2469928935/fast"
/usr/bin/make -f CMakeFiles/cmTryCompileExec2469928935.dir/build.make CMakeFiles/cmTryCompileExec2469928935.dir/build
make[1]: Entering directory `/home/hyeongjun/workspace/raspberrypi/build_arm/CMakeFiles/CMakeTmp'
/usr/bin/cmake -E cmake_progress_report /home/hyeongjun/workspace/raspberrypi/build_arm/CMakeFiles/CMakeTmp/CMakeFiles 1
Building C object CMakeFiles/cmTryCompileExec2469928935.dir/DR_DO_NOT_DEFINE_byte.c.o
/usr/bin/arm-linux-gnueabihf-gcc    -o CMakeFiles/cmTryCompileExec2469928935.dir/DR_DO_NOT_DEFINE_byte.c.o   -c /home/hyeongjun/workspace/raspberrypi/build_arm/CMakeFiles/CheckTypeSize/DR_DO_NOT_DEFINE_byte.c
/home/hyeongjun/workspace/raspberrypi/build_arm/CMakeFiles/CheckTypeSize/DR_DO_NOT_DEFINE_byte.c:17:22: error: ‘byte’ undeclared here (not in a function)
 #define SIZE (sizeof(byte))
                      ^
/home/hyeongjun/workspace/raspberrypi/build_arm/CMakeFiles/CheckTypeSize/DR_DO_NOT_DEFINE_byte.c:19:12: note: in expansion of macro ‘SIZE’
   ('0' + ((SIZE / 10000)%10)),
            ^
make[1]: Leaving directory `/home/hyeongjun/workspace/raspberrypi/build_arm/CMakeFiles/CMakeTmp'
make[1]: *** [CMakeFiles/cmTryCompileExec2469928935.dir/DR_DO_NOT_DEFINE_byte.c.o] Error 1
make: *** [cmTryCompileExec2469928935/fast] Error 2

/home/hyeongjun/workspace/raspberrypi/build_arm/CMakeFiles/CheckTypeSize/DR_DO_NOT_DEFINE_byte.c:
#include <sys/types.h>
#include <stdint.h>
#include <stddef.h>


#undef KEY
#if defined(__i386)
# define KEY '_','_','i','3','8','6'
#elif defined(__x86_64)
# define KEY '_','_','x','8','6','_','6','4'
#elif defined(__ppc__)
# define KEY '_','_','p','p','c','_','_'
#elif defined(__ppc64__)
# define KEY '_','_','p','p','c','6','4','_','_'
#endif

#define SIZE (sizeof(byte))
char info_size[] =  {'I', 'N', 'F', 'O', ':', 's','i','z','e','[',
  ('0' + ((SIZE / 10000)%10)),
  ('0' + ((SIZE / 1000)%10)),
  ('0' + ((SIZE / 100)%10)),
  ('0' + ((SIZE / 10)%10)),
  ('0' +  (SIZE    % 10)),
  ']',
#ifdef KEY
  ' ','k','e','y','[', KEY, ']',
#endif
  '\0'};

#ifdef __CLASSIC_C__
int main(argc, argv) int argc; char *argv[];
#else
int main(int argc, char *argv[])
#endif
{
  int require = 0;
  require += info_size[argc];
  (void)argv;
  return require;
}


Determining size of sbyte failed with the following output:
Change Dir: /home/hyeongjun/workspace/raspberrypi/build_arm/CMakeFiles/CMakeTmp

Run Build Command:"/usr/bin/make" "cmTryCompileExec2926753237/fast"
/usr/bin/make -f CMakeFiles/cmTryCompileExec2926753237.dir/build.make CMakeFiles/cmTryCompileExec2926753237.dir/build
make[1]: Entering directory `/home/hyeongjun/workspace/raspberrypi/build_arm/CMakeFiles/CMakeTmp'
/usr/bin/cmake -E cmake_progress_report /home/hyeongjun/workspace/raspberrypi/build_arm/CMakeFiles/CMakeTmp/CMakeFiles 1
Building C object CMakeFiles/cmTryCompileExec2926753237.dir/DR_DO_NOT_DEFINE_sbyte.c.o
/usr/bin/arm-linux-gnueabihf-gcc    -o CMakeFiles/cmTryCompileExec2926753237.dir/DR_DO_NOT_DEFINE_sbyte.c.o   -c /home/hyeongjun/workspace/raspberrypi/build_arm/CMakeFiles/CheckTypeSize/DR_DO_NOT_DEFINE_sbyte.c
/home/hyeongjun/workspace/raspberrypi/build_arm/CMakeFiles/CheckTypeSize/DR_DO_NOT_DEFINE_sbyte.c:17:22: error: ‘sbyte’ undeclared here (not in a function)
 #define SIZE (sizeof(sbyte))
                      ^
/home/hyeongjun/workspace/raspberrypi/build_arm/CMakeFiles/CheckTypeSize/DR_DO_NOT_DEFINE_sbyte.c:19:12: note: in expansion of macro ‘SIZE’
   ('0' + ((SIZE / 10000)%10)),
            ^
make[1]: Leaving directory `/home/hyeongjun/workspace/raspberrypi/build_arm/CMakeFiles/CMakeTmp'
make[1]: *** [CMakeFiles/cmTryCompileExec2926753237.dir/DR_DO_NOT_DEFINE_sbyte.c.o] Error 1
make: *** [cmTryCompileExec2926753237/fast] Error 2

/home/hyeongjun/workspace/raspberrypi/build_arm/CMakeFiles/CheckTypeSize/DR_DO_NOT_DEFINE_sbyte.c:
#include <sys/types.h>
#include <stdint.h>
#include <stddef.h>


#undef KEY
#if defined(__i386)
# define KEY '_','_','i','3','8','6'
#elif defined(__x86_64)
# define KEY '_','_','x','8','6','_','6','4'
#elif defined(__ppc__)
# define KEY '_','_','p','p','c','_','_'
#elif defined(__ppc64__)
# define KEY '_','_','p','p','c','6','4','_','_'
#endif

#define SIZE (sizeof(sbyte))
char info_size[] =  {'I', 'N', 'F', 'O', ':', 's','i','z','e','[',
  ('0' + ((SIZE / 10000)%10)),
  ('0' + ((SIZE / 1000)%10)),
  ('0' + ((SIZE / 100)%10)),
  ('0' + ((SIZE / 10)%10)),
  ('0' +  (SIZE    % 10)),
  ']',
#ifdef KEY
  ' ','k','e','y','[', KEY, ']',
#endif
  '\0'};

#ifdef __CLASSIC_C__
int main(argc, argv) int argc; char *argv[];
#else
int main(int argc, char *argv[])
#endif
{
  int require = 0;
  require += info_size[argc];
  (void)argv;
  return require;
}


Determining size of uint32 failed with the following output:
Change Dir: /home/hyeongjun/workspace/raspberrypi/build_arm/CMakeFiles/CMakeTmp

Run Build Command:"/usr/bin/make" "cmTryCompileExec3754572939/fast"
/usr/bin/make -f CMakeFiles/cmTryCompileExec3754572939.dir/build.make CMakeFiles/cmTryCompileExec3754572939.dir/build
make[1]: Entering directory `/home/hyeongjun/workspace/raspberrypi/build_arm/CMakeFiles/CMakeTmp'
/usr/bin/cmake -E cmake_progress_report /home/hyeongjun/workspace/raspberrypi/build_arm/CMakeFiles/CMakeTmp/CMakeFiles 1
Building C object CMakeFiles/cmTryCompileExec3754572939.dir/DR_DO_NOT_DEFINE_uint32.c.o
/usr/bin/arm-linux-gnueabihf-gcc    -o CMakeFiles/cmTryCompileExec3754572939.dir/DR_DO_NOT_DEFINE_uint32.c.o   -c /home/hyeongjun/workspace/raspberrypi/build_arm/CMakeFiles/CheckTypeSize/DR_DO_NOT_DEFINE_uint32.c
/home/hyeongjun/workspace/raspberrypi/build_arm/CMakeFiles/CheckTypeSize/DR_DO_NOT_DEFINE_uint32.c:17:22: error: ‘uint32’ undeclared here (not in a function)
 #define SIZE (sizeof(uint32))
                      ^
/home/hyeongjun/workspace/raspberrypi/build_arm/CMakeFiles/CheckTypeSize/DR_DO_NOT_DEFINE_uint32.c:19:12: note: in expansion of macro ‘SIZE’
   ('0' + ((SIZE / 10000)%10)),
            ^
make[1]: Leaving directory `/home/hyeongjun/workspace/raspberrypi/build_arm/CMakeFiles/CMakeTmp'
make[1]: *** [CMakeFiles/cmTryCompileExec3754572939.dir/DR_DO_NOT_DEFINE_uint32.c.o] Error 1
make: *** [cmTryCompileExec3754572939/fast] Error 2

/home/hyeongjun/workspace/raspberrypi/build_arm/CMakeFiles/CheckTypeSize/DR_DO_NOT_DEFINE_uint32.c:
#include <sys/types.h>
#include <stdint.h>
#include <stddef.h>


#undef KEY
#if defined(__i386)
# define KEY '_','_','i','3','8','6'
#elif defined(__x86_64)
# define KEY '_','_','x','8','6','_','6','4'
#elif defined(__ppc__)
# define KEY '_','_','p','p','c','_','_'
#elif defined(__ppc64__)
# define KEY '_','_','p','p','c','6','4','_','_'
#endif

#define SIZE (sizeof(uint32))
char info_size[] =  {'I', 'N', 'F', 'O', ':', 's','i','z','e','[',
  ('0' + ((SIZE / 10000)%10)),
  ('0' + ((SIZE / 1000)%10)),
  ('0' + ((SIZE / 100)%10)),
  ('0' + ((SIZE / 10)%10)),
  ('0' +  (SIZE    % 10)),
  ']',
#ifdef KEY
  ' ','k','e','y','[', KEY, ']',
#endif
  '\0'};

#ifdef __CLASSIC_C__
int main(argc, argv) int argc; char *argv[];
#else
int main(int argc, char *argv[])
#endif
{
  int require = 0;
  require += info_size[argc];
  (void)argv;
  return require;
}


Determining size of uint64 failed with the following output:
Change Dir: /home/hyeongjun/workspace/raspberrypi/build_arm/CMakeFiles/CMakeTmp

Run Build Command:"/usr/bin/make" "cmTryCompileExec3021090626/fast"
/usr/bin/make -f CMakeFiles/cmTryCompileExec3021090626.dir/build.make CMakeFiles/cmTryCompileExec3021090626.dir/build
make[1]: Entering directory `/home/hyeongjun/workspace/raspberrypi/build_arm/CMakeFiles/CMakeTmp'
/usr/bin/cmake -E cmake_progress_report /home/hyeongjun/workspace/raspberrypi/build_arm/CMakeFiles/CMakeTmp/CMakeFiles 1
Building C object CMakeFiles/cmTryCompileExec3021090626.dir/DR_DO_NOT_DEFINE_uint64.c.o
/usr/bin/arm-linux-gnueabihf-gcc    -o CMakeFiles/cmTryCompileExec3021090626.dir/DR_DO_NOT_DEFINE_uint64.c.o   -c /home/hyeongjun/workspace/raspberrypi/build_arm/CMakeFiles/CheckTypeSize/DR_DO_NOT_DEFINE_uint64.c
/home/hyeongjun/workspace/raspberrypi/build_arm/CMakeFiles/CheckTypeSize/DR_DO_NOT_DEFINE_uint64.c:17:22: error: ‘uint64’ undeclared here (not in a function)
 #define SIZE (sizeof(uint64))
                      ^
/home/hyeongjun/workspace/raspberrypi/build_arm/CMakeFiles/CheckTypeSize/DR_DO_NOT_DEFINE_uint64.c:19:12: note: in expansion of macro ‘SIZE’
   ('0' + ((SIZE / 10000)%10)),
            ^
make[1]: Leaving directory `/home/hyeongjun/workspace/raspberrypi/build_arm/CMakeFiles/CMakeTmp'
make[1]: *** [CMakeFiles/cmTryCompileExec3021090626.dir/DR_DO_NOT_DEFINE_uint64.c.o] Error 1
make: *** [cmTryCompileExec3021090626/fast] Error 2

/home/hyeongjun/workspace/raspberrypi/build_arm/CMakeFiles/CheckTypeSize/DR_DO_NOT_DEFINE_uint64.c:
#include <sys/types.h>
#include <stdint.h>
#include <stddef.h>


#undef KEY
#if defined(__i386)
# define KEY '_','_','i','3','8','6'
#elif defined(__x86_64)
# define KEY '_','_','x','8','6','_','6','4'
#elif defined(__ppc__)
# define KEY '_','_','p','p','c','_','_'
#elif defined(__ppc64__)
# define KEY '_','_','p','p','c','6','4','_','_'
#endif

#define SIZE (sizeof(uint64))
char info_size[] =  {'I', 'N', 'F', 'O', ':', 's','i','z','e','[',
  ('0' + ((SIZE / 10000)%10)),
  ('0' + ((SIZE / 1000)%10)),
  ('0' + ((SIZE / 100)%10)),
  ('0' + ((SIZE / 10)%10)),
  ('0' +  (SIZE    % 10)),
  ']',
#ifdef KEY
  ' ','k','e','y','[', KEY, ']',
#endif
  '\0'};

#ifdef __CLASSIC_C__
int main(argc, argv) int argc; char *argv[];
#else
int main(int argc, char *argv[])
#endif
{
  int require = 0;
  require += info_size[argc];
  (void)argv;
  return require;
}


Determining size of int32 failed with the following output:
Change Dir: /home/hyeongjun/workspace/raspberrypi/build_arm/CMakeFiles/CMakeTmp

Run Build Command:"/usr/bin/make" "cmTryCompileExec2679728140/fast"
/usr/bin/make -f CMakeFiles/cmTryCompileExec2679728140.dir/build.make CMakeFiles/cmTryCompileExec2679728140.dir/build
make[1]: Entering directory `/home/hyeongjun/workspace/raspberrypi/build_arm/CMakeFiles/CMakeTmp'
/usr/bin/cmake -E cmake_progress_report /home/hyeongjun/workspace/raspberrypi/build_arm/CMakeFiles/CMakeTmp/CMakeFiles 1
Building C object CMakeFiles/cmTryCompileExec2679728140.dir/DR_DO_NOT_DEFINE_int32.c.o
/usr/bin/arm-linux-gnueabihf-gcc    -o CMakeFiles/cmTryCompileExec2679728140.dir/DR_DO_NOT_DEFINE_int32.c.o   -c /home/hyeongjun/workspace/raspberrypi/build_arm/CMakeFiles/CheckTypeSize/DR_DO_NOT_DEFINE_int32.c
/home/hyeongjun/workspace/raspberrypi/build_arm/CMakeFiles/CheckTypeSize/DR_DO_NOT_DEFINE_int32.c:17:22: error: ‘int32’ undeclared here (not in a function)
 #define SIZE (sizeof(int32))
                      ^
/home/hyeongjun/workspace/raspberrypi/build_arm/CMakeFiles/CheckTypeSize/DR_DO_NOT_DEFINE_int32.c:19:12: note: in expansion of macro ‘SIZE’
   ('0' + ((SIZE / 10000)%10)),
            ^
make[1]: Leaving directory `/home/hyeongjun/workspace/raspberrypi/build_arm/CMakeFiles/CMakeTmp'
make[1]: *** [CMakeFiles/cmTryCompileExec2679728140.dir/DR_DO_NOT_DEFINE_int32.c.o] Error 1
make: *** [cmTryCompileExec2679728140/fast] Error 2

/home/hyeongjun/workspace/raspberrypi/build_arm/CMakeFiles/CheckTypeSize/DR_DO_NOT_DEFINE_int32.c:
#include <sys/types.h>
#include <stdint.h>
#include <stddef.h>


#undef KEY
#if defined(__i386)
# define KEY '_','_','i','3','8','6'
#elif defined(__x86_64)
# define KEY '_','_','x','8','6','_','6','4'
#elif defined(__ppc__)
# define KEY '_','_','p','p','c','_','_'
#elif defined(__ppc64__)
# define KEY '_','_','p','p','c','6','4','_','_'
#endif

#define SIZE (sizeof(int32))
char info_size[] =  {'I', 'N', 'F', 'O', ':', 's','i','z','e','[',
  ('0' + ((SIZE / 10000)%10)),
  ('0' + ((SIZE / 1000)%10)),
  ('0' + ((SIZE / 100)%10)),
  ('0' + ((SIZE / 10)%10)),
  ('0' +  (SIZE    % 10)),
  ']',
#ifdef KEY
  ' ','k','e','y','[', KEY, ']',
#endif
  '\0'};

#ifdef __CLASSIC_C__
int main(argc, argv) int argc; char *argv[];
#else
int main(int argc, char *argv[])
#endif
{
  int require = 0;
  require += info_size[argc];
  (void)argv;
  return require;
}


Determining size of int64 failed with the following output:
Change Dir: /home/hyeongjun/workspace/raspberrypi/build_arm/CMakeFiles/CMakeTmp

Run Build Command:"/usr/bin/make" "cmTryCompileExec1557797058/fast"
/usr/bin/make -f CMakeFiles/cmTryCompileExec1557797058.dir/build.make CMakeFiles/cmTryCompileExec1557797058.dir/build
make[1]: Entering directory `/home/hyeongjun/workspace/raspberrypi/build_arm/CMakeFiles/CMakeTmp'
/usr/bin/cmake -E cmake_progress_report /home/hyeongjun/workspace/raspberrypi/build_arm/CMakeFiles/CMakeTmp/CMakeFiles 1
Building C object CMakeFiles/cmTryCompileExec1557797058.dir/DR_DO_NOT_DEFINE_int64.c.o
/usr/bin/arm-linux-gnueabihf-gcc    -o CMakeFiles/cmTryCompileExec1557797058.dir/DR_DO_NOT_DEFINE_int64.c.o   -c /home/hyeongjun/workspace/raspberrypi/build_arm/CMakeFiles/CheckTypeSize/DR_DO_NOT_DEFINE_int64.c
/home/hyeongjun/workspace/raspberrypi/build_arm/CMakeFiles/CheckTypeSize/DR_DO_NOT_DEFINE_int64.c:17:22: error: ‘int64’ undeclared here (not in a function)
 #define SIZE (sizeof(int64))
                      ^
/home/hyeongjun/workspace/raspberrypi/build_arm/CMakeFiles/CheckTypeSize/DR_DO_NOT_DEFINE_int64.c:19:12: note: in expansion of macro ‘SIZE’
   ('0' + ((SIZE / 10000)%10)),
            ^
make[1]: Leaving directory `/home/hyeongjun/workspace/raspberrypi/build_arm/CMakeFiles/CMakeTmp'
make[1]: *** [CMakeFiles/cmTryCompileExec1557797058.dir/DR_DO_NOT_DEFINE_int64.c.o] Error 1
make: *** [cmTryCompileExec1557797058/fast] Error 2

/home/hyeongjun/workspace/raspberrypi/build_arm/CMakeFiles/CheckTypeSize/DR_DO_NOT_DEFINE_int64.c:
#include <sys/types.h>
#include <stdint.h>
#include <stddef.h>


#undef KEY
#if defined(__i386)
# define KEY '_','_','i','3','8','6'
#elif defined(__x86_64)
# define KEY '_','_','x','8','6','_','6','4'
#elif defined(__ppc__)
# define KEY '_','_','p','p','c','_','_'
#elif defined(__ppc64__)
# define KEY '_','_','p','p','c','6','4','_','_'
#endif

#define SIZE (sizeof(int64))
char info_size[] =  {'I', 'N', 'F', 'O', ':', 's','i','z','e','[',
  ('0' + ((SIZE / 10000)%10)),
  ('0' + ((SIZE / 1000)%10)),
  ('0' + ((SIZE / 100)%10)),
  ('0' + ((SIZE / 10)%10)),
  ('0' +  (SIZE    % 10)),
  ']',
#ifdef KEY
  ' ','k','e','y','[', KEY, ']',
#endif
  '\0'};

#ifdef __CLASSIC_C__
int main(argc, argv) int argc; char *argv[];
#else
int main(int argc, char *argv[])
#endif
{
  int require = 0;
  require += info_size[argc];
  (void)argv;
  return require;
}


Determining if the include file linux/rseq.h exists failed with the following output:
Change Dir: /home/hyeongjun/workspace/raspberrypi/build_arm/CMakeFiles/CMakeTmp

Run Build Command:"/usr/bin/make" "cmTryCompileExec2551815464/fast"
/usr/bin/make -f CMakeFiles/cmTryCompileExec2551815464.dir/build.make CMakeFiles/cmTryCompileExec2551815464.dir/build
make[1]: Entering directory `/home/hyeongjun/workspace/raspberrypi/build_arm/CMakeFiles/CMakeTmp'
/usr/bin/cmake -E cmake_progress_report /home/hyeongjun/workspace/raspberrypi/build_arm/CMakeFiles/CMakeTmp/CMakeFiles 1
Building C object CMakeFiles/cmTryCompileExec2551815464.dir/CheckIncludeFile.c.o
/usr/bin/arm-linux-gnueabihf-gcc   -mthumb -march=armv7-a  -fno-strict-aliasing -fno-stack-protector -fvisibility=internal  -std=gnu99 -fno-unwind-tables -O3 -g3 -Wall -Werror -Wwrite-strings -Wno-unused-but-set-variable    -o CMakeFiles/cmTryCompileExec2551815464.dir/CheckIncludeFile.c.o   -c /home/hyeongjun/workspace/raspberrypi/build_arm/CMakeFiles/CMakeTmp/CheckIncludeFile.c
/home/hyeongjun/workspace/raspberrypi/build_arm/CMakeFiles/CMakeTmp/CheckIncludeFile.c:1:24: fatal error: linux/rseq.h: No such file or directory
 #include <linux/rseq.h>
                        ^
compilation terminated.
make[1]: Leaving directory `/home/hyeongjun/workspace/raspberrypi/build_arm/CMakeFiles/CMakeTmp'
make[1]: *** [CMakeFiles/cmTryCompileExec2551815464.dir/CheckIncludeFile.c.o] Error 1
make: *** [cmTryCompileExec2551815464/fast] Error 2


Performing C SOURCE FILE Test no_pie_avail failed with the following output:
Change Dir: /home/hyeongjun/workspace/raspberrypi/build_arm/CMakeFiles/CMakeTmp

Run Build Command:"/usr/bin/make" "cmTryCompileExec101333459/fast"
/usr/bin/make -f CMakeFiles/cmTryCompileExec101333459.dir/build.make CMakeFiles/cmTryCompileExec101333459.dir/build
make[1]: Entering directory `/home/hyeongjun/workspace/raspberrypi/build_arm/CMakeFiles/CMakeTmp'
/usr/bin/cmake -E cmake_progress_report /home/hyeongjun/workspace/raspberrypi/build_arm/CMakeFiles/CMakeTmp/CMakeFiles 1
Building C object CMakeFiles/cmTryCompileExec101333459.dir/src.c.o
/usr/bin/arm-linux-gnueabihf-gcc   -mthumb -march=armv7-a  -fno-strict-aliasing -fno-stack-protector -fvisibility=internal  -std=gnu99 -fno-unwind-tables -O3 -g3 -Wall -Werror -Wwrite-strings -Wno-unused-but-set-variable -Dno_pie_avail   -no-pie -o CMakeFiles/cmTryCompileExec101333459.dir/src.c.o   -c /home/hyeongjun/workspace/raspberrypi/build_arm/CMakeFiles/CMakeTmp/src.c
make[1]: Leaving directory `/home/hyeongjun/workspace/raspberrypi/build_arm/CMakeFiles/CMakeTmp'
arm-linux-gnueabihf-gcc: error: unrecognized command line option '-no-pie'
make[1]: *** [CMakeFiles/cmTryCompileExec101333459.dir/src.c.o] Error 1
make: *** [cmTryCompileExec101333459/fast] Error 2

Source file was:
int main(void) { return 0; }
Performing C SOURCE FILE Test implicit_fallthrough_avail failed with the following output:
Change Dir: /home/hyeongjun/workspace/raspberrypi/build_arm/CMakeFiles/CMakeTmp

Run Build Command:"/usr/bin/make" "cmTryCompileExec1897822667/fast"
/usr/bin/make -f CMakeFiles/cmTryCompileExec1897822667.dir/build.make CMakeFiles/cmTryCompileExec1897822667.dir/build
make[1]: Entering directory `/home/hyeongjun/workspace/raspberrypi/build_arm/CMakeFiles/CMakeTmp'
/usr/bin/cmake -E cmake_progress_report /home/hyeongjun/workspace/raspberrypi/build_arm/CMakeFiles/CMakeTmp/CMakeFiles 1
Building C object CMakeFiles/cmTryCompileExec1897822667.dir/src.c.o
/usr/bin/arm-linux-gnueabihf-gcc   -Dimplicit_fallthrough_avail   -Wimplicit-fallthrough -o CMakeFiles/cmTryCompileExec1897822667.dir/src.c.o   -c /home/hyeongjun/workspace/raspberrypi/build_arm/CMakeFiles/CMakeTmp/src.c
arm-linux-gnueabihf-gcc: error: unrecognized command line option '-Wimplicit-fallthrough'
make[1]: Leaving directory `/home/hyeongjun/workspace/raspberrypi/build_arm/CMakeFiles/CMakeTmp'
make[1]: *** [CMakeFiles/cmTryCompileExec1897822667.dir/src.c.o] Error 1
make: *** [cmTryCompileExec1897822667/fast] Error 2

Source file was:
int main(void) { return 0; }
